<?xml version="1.0" encoding="UTF-8"?>
<!-- Generated by org.testng.reporters.JUnitXMLReporter -->
<testsuite hostname="DESKTOP-5PMM0HN" name="Test2" tests="2" failures="2" timestamp="7 Jan 2019 03:49:19 GMT" time="205.936" errors="0">
  <testcase name="Duplicate" time="4.144" classname="openaptaps.TC005_DuplicateLead">
    <failure type="java.lang.NullPointerException">
      <![CDATA[java.lang.NullPointerException
	at openaptaps.TC005_DuplicateLead.Duplicate(TC005_DuplicateLead.java:30)
	at java.util.concurrent.ThreadPoolExecutor.runWorker(ThreadPoolExecutor.java:1142)
	at java.util.concurrent.ThreadPoolExecutor$Worker.run(ThreadPoolExecutor.java:617)
	at java.lang.Thread.run(Thread.java:744)
... Removed 10 stack frames]]>
    </failure>
  </testcase> <!-- Duplicate -->
  <testcase name="Merge" time="141.506" classname="openaptaps.TC004_MergeLead">
    <failure type="java.lang.NullPointerException">
      <![CDATA[java.lang.NullPointerException
	at openaptaps.TC004_MergeLead.Merge(TC004_MergeLead.java:39)
	at java.util.concurrent.ThreadPoolExecutor.runWorker(ThreadPoolExecutor.java:1142)
	at java.util.concurrent.ThreadPoolExecutor$Worker.run(ThreadPoolExecutor.java:617)
	at java.lang.Thread.run(Thread.java:744)
... Removed 10 stack frames]]>
    </failure>
  </testcase> <!-- Merge -->
</testsuite> <!-- Test2 -->
