<?xml version="1.0" encoding="UTF-8"?>
<testng-results skipped="3" failed="1" total="4" passed="0">
  <reporter-output>
  </reporter-output>
  <suite name="Suite" duration-ms="204589" started-at="2021-01-13T18:10:30Z" finished-at="2021-01-13T18:13:54Z">
    <groups>
      <group name="regression">
        <method signature="TC005_DuplicateLead.Duplicate(java.lang.String)[pri:0, instance:week4groups.TC005_DuplicateLead@136e911]" name="Duplicate" class="week4groups.TC005_DuplicateLead"/>
      </group> <!-- regression -->
      <group name="smoke">
        <method signature="TC001_CreateLead.createLead(java.lang.String, java.lang.String, java.lang.String, java.lang.String, java.lang.String)[pri:0, instance:week4groups.TC001_CreateLead@10736d9]" name="createLead" class="week4groups.TC001_CreateLead"/>
      </group> <!-- smoke -->
      <group name="sanity">
        <method signature="TC002_EditLead.TC002_editLead(java.lang.String, java.lang.String)[pri:0, instance:week4groups.TC002_EditLead@19d02cb]" name="TC002_editLead" class="week4groups.TC002_EditLead"/>
        <method signature="TC003_DeleteLead.DeleteLead(java.lang.String)[pri:0, instance:week4groups.TC003_DeleteLead@109bb57]" name="DeleteLead" class="week4groups.TC003_DeleteLead"/>
      </group> <!-- sanity -->
    </groups>
    <test name="test" duration-ms="26" started-at="2021-01-13T18:10:30Z" finished-at="2021-01-13T18:10:30Z">
    </test> <!-- test -->
    <test name="Test1" duration-ms="204346" started-at="2021-01-13T18:10:30Z" finished-at="2021-01-13T18:13:54Z">
      <class name="week4groups.TC003_DeleteLead">
        <test-method status="SKIP" signature="DeleteLead(java.lang.String)[pri:0, instance:week4groups.TC003_DeleteLead@109bb57]" name="DeleteLead" duration-ms="0" depends-on-groups="smoke" started-at="2021-01-13T10:13:54Z" data-provider="fetchDataDel" finished-at="2021-01-13T10:13:54Z">
          <exception class="java.lang.Throwable">
            <message>
              <![CDATA[Method TC003_DeleteLead.DeleteLead(java.lang.String)[pri:0, instance:week4groups.TC003_DeleteLead@109bb57] depends on not successfully finished methods in group "smoke"]]>
            </message>
            <full-stacktrace>
              <![CDATA[java.lang.Throwable: Method TC003_DeleteLead.DeleteLead(java.lang.String)[pri:0, instance:week4groups.TC003_DeleteLead@109bb57] depends on not successfully finished methods in group "smoke"
	at org.testng.internal.Invoker.invokeTestMethods(Invoker.java:1028)
	at org.testng.internal.TestMethodWorker.invokeTestMethods(TestMethodWorker.java:129)
	at org.testng.internal.TestMethodWorker.run(TestMethodWorker.java:112)
	at org.testng.TestRunner.privateRun(TestRunner.java:753)
	at org.testng.TestRunner.run(TestRunner.java:607)
	at org.testng.SuiteRunner.runTest(SuiteRunner.java:368)
	at org.testng.SuiteRunner.runSequentially(SuiteRunner.java:363)
	at org.testng.SuiteRunner.privateRun(SuiteRunner.java:321)
	at org.testng.SuiteRunner.run(SuiteRunner.java:270)
	at org.testng.SuiteRunnerWorker.runSuite(SuiteRunnerWorker.java:52)
	at org.testng.SuiteRunnerWorker.run(SuiteRunnerWorker.java:86)
	at org.testng.TestNG.runSuitesSequentially(TestNG.java:1284)
	at org.testng.TestNG.runSuitesLocally(TestNG.java:1209)
	at org.testng.TestNG.runSuites(TestNG.java:1124)
	at org.testng.TestNG.run(TestNG.java:1096)
	at org.testng.remote.AbstractRemoteTestNG.run(AbstractRemoteTestNG.java:132)
	at org.testng.remote.RemoteTestNG.initAndRun(RemoteTestNG.java:236)
	at org.testng.remote.RemoteTestNG.main(RemoteTestNG.java:81)
]]>
            </full-stacktrace>
          </exception> <!-- java.lang.Throwable -->
          <reporter-output>
          </reporter-output>
        </test-method> <!-- DeleteLead -->
      </class> <!-- week4groups.TC003_DeleteLead -->
      <class name="week4groups.TC002_EditLead">
        <test-method status="SKIP" signature="TC002_editLead(java.lang.String, java.lang.String)[pri:0, instance:week4groups.TC002_EditLead@19d02cb]" name="TC002_editLead" duration-ms="0" depends-on-groups="smoke" started-at="2021-01-13T10:13:54Z" data-provider="fetchDataEdit" finished-at="2021-01-13T10:13:54Z">
          <exception class="java.lang.Throwable">
            <message>
              <![CDATA[Method TC002_EditLead.TC002_editLead(java.lang.String, java.lang.String)[pri:0, instance:week4groups.TC002_EditLead@19d02cb] depends on not successfully finished methods in group "smoke"]]>
            </message>
            <full-stacktrace>
              <![CDATA[java.lang.Throwable: Method TC002_EditLead.TC002_editLead(java.lang.String, java.lang.String)[pri:0, instance:week4groups.TC002_EditLead@19d02cb] depends on not successfully finished methods in group "smoke"
	at org.testng.internal.Invoker.invokeTestMethods(Invoker.java:1028)
	at org.testng.internal.TestMethodWorker.invokeTestMethods(TestMethodWorker.java:129)
	at org.testng.internal.TestMethodWorker.run(TestMethodWorker.java:112)
	at org.testng.TestRunner.privateRun(TestRunner.java:753)
	at org.testng.TestRunner.run(TestRunner.java:607)
	at org.testng.SuiteRunner.runTest(SuiteRunner.java:368)
	at org.testng.SuiteRunner.runSequentially(SuiteRunner.java:363)
	at org.testng.SuiteRunner.privateRun(SuiteRunner.java:321)
	at org.testng.SuiteRunner.run(SuiteRunner.java:270)
	at org.testng.SuiteRunnerWorker.runSuite(SuiteRunnerWorker.java:52)
	at org.testng.SuiteRunnerWorker.run(SuiteRunnerWorker.java:86)
	at org.testng.TestNG.runSuitesSequentially(TestNG.java:1284)
	at org.testng.TestNG.runSuitesLocally(TestNG.java:1209)
	at org.testng.TestNG.runSuites(TestNG.java:1124)
	at org.testng.TestNG.run(TestNG.java:1096)
	at org.testng.remote.AbstractRemoteTestNG.run(AbstractRemoteTestNG.java:132)
	at org.testng.remote.RemoteTestNG.initAndRun(RemoteTestNG.java:236)
	at org.testng.remote.RemoteTestNG.main(RemoteTestNG.java:81)
]]>
            </full-stacktrace>
          </exception> <!-- java.lang.Throwable -->
          <reporter-output>
          </reporter-output>
        </test-method> <!-- TC002_editLead -->
      </class> <!-- week4groups.TC002_EditLead -->
      <class name="week4groups.TC001_CreateLead">
        <test-method status="PASS" signature="login()[pri:0, instance:week4groups.TC001_CreateLead@10736d9]" name="login" is-config="true" duration-ms="117871" started-at="2021-01-13T10:10:30Z" finished-at="2021-01-13T10:12:28Z">
          <reporter-output>
          </reporter-output>
        </test-method> <!-- login -->
        <test-method status="FAIL" signature="createLead(java.lang.String, java.lang.String, java.lang.String, java.lang.String, java.lang.String)[pri:0, instance:week4groups.TC001_CreateLead@10736d9]" name="createLead" duration-ms="77898" started-at="2021-01-13T10:12:28Z" data-provider="fetchDataCreate" finished-at="2021-01-13T10:13:46Z">
          <params>
            <param index="0">
              <value>
                <![CDATA[wwwc]]>
              </value>
            </param>
            <param index="1">
              <value>
                <![CDATA[Reshma123]]>
              </value>
            </param>
            <param index="2">
              <value>
                <![CDATA[R]]>
              </value>
            </param>
            <param index="3">
              <value>
                <![CDATA[9876543211]]>
              </value>
            </param>
            <param index="4">
              <value>
                <![CDATA[brema.rehma@gmail.com]]>
              </value>
            </param>
          </params>
          <exception class="java.lang.NullPointerException">
            <full-stacktrace>
              <![CDATA[java.lang.NullPointerException
	at week4groups.TC001_CreateLead.createLead(TC001_CreateLead.java:20)
	at sun.reflect.NativeMethodAccessorImpl.invoke0(Native Method)
	at sun.reflect.NativeMethodAccessorImpl.invoke(Unknown Source)
	at sun.reflect.DelegatingMethodAccessorImpl.invoke(Unknown Source)
	at java.lang.reflect.Method.invoke(Unknown Source)
	at org.testng.internal.MethodInvocationHelper.invokeMethod(MethodInvocationHelper.java:100)
	at org.testng.internal.Invoker.invokeMethod(Invoker.java:646)
	at org.testng.internal.Invoker.invokeTestMethod(Invoker.java:811)
	at org.testng.internal.Invoker.invokeTestMethods(Invoker.java:1137)
	at org.testng.internal.TestMethodWorker.invokeTestMethods(TestMethodWorker.java:129)
	at org.testng.internal.TestMethodWorker.run(TestMethodWorker.java:112)
	at org.testng.TestRunner.privateRun(TestRunner.java:753)
	at org.testng.TestRunner.run(TestRunner.java:607)
	at org.testng.SuiteRunner.runTest(SuiteRunner.java:368)
	at org.testng.SuiteRunner.runSequentially(SuiteRunner.java:363)
	at org.testng.SuiteRunner.privateRun(SuiteRunner.java:321)
	at org.testng.SuiteRunner.run(SuiteRunner.java:270)
	at org.testng.SuiteRunnerWorker.runSuite(SuiteRunnerWorker.java:52)
	at org.testng.SuiteRunnerWorker.run(SuiteRunnerWorker.java:86)
	at org.testng.TestNG.runSuitesSequentially(TestNG.java:1284)
	at org.testng.TestNG.runSuitesLocally(TestNG.java:1209)
	at org.testng.TestNG.runSuites(TestNG.java:1124)
	at org.testng.TestNG.run(TestNG.java:1096)
	at org.testng.remote.AbstractRemoteTestNG.run(AbstractRemoteTestNG.java:132)
	at org.testng.remote.RemoteTestNG.initAndRun(RemoteTestNG.java:236)
	at org.testng.remote.RemoteTestNG.main(RemoteTestNG.java:81)
]]>
            </full-stacktrace>
          </exception> <!-- java.lang.NullPointerException -->
          <reporter-output>
          </reporter-output>
        </test-method> <!-- createLead -->
        <test-method status="PASS" signature="closeApplication()[pri:0, instance:week4groups.TC001_CreateLead@10736d9]" name="closeApplication" is-config="true" duration-ms="8186" started-at="2021-01-13T10:13:46Z" finished-at="2021-01-13T10:13:54Z">
          <reporter-output>
          </reporter-output>
        </test-method> <!-- closeApplication -->
      </class> <!-- week4groups.TC001_CreateLead -->
      <class name="week4groups.TC005_DuplicateLead">
        <test-method status="SKIP" signature="Duplicate(java.lang.String)[pri:0, instance:week4groups.TC005_DuplicateLead@136e911]" name="Duplicate" duration-ms="0" depends-on-groups="sanity" started-at="2021-01-13T10:13:54Z" data-provider="fetchDataDup" finished-at="2021-01-13T10:13:54Z">
          <exception class="java.lang.Throwable">
            <message>
              <![CDATA[Method TC005_DuplicateLead.Duplicate(java.lang.String)[pri:0, instance:week4groups.TC005_DuplicateLead@136e911] depends on not successfully finished methods in group "sanity"]]>
            </message>
            <full-stacktrace>
              <![CDATA[java.lang.Throwable: Method TC005_DuplicateLead.Duplicate(java.lang.String)[pri:0, instance:week4groups.TC005_DuplicateLead@136e911] depends on not successfully finished methods in group "sanity"
	at org.testng.internal.Invoker.invokeTestMethods(Invoker.java:1028)
	at org.testng.internal.TestMethodWorker.invokeTestMethods(TestMethodWorker.java:129)
	at org.testng.internal.TestMethodWorker.run(TestMethodWorker.java:112)
	at org.testng.TestRunner.privateRun(TestRunner.java:753)
	at org.testng.TestRunner.run(TestRunner.java:607)
	at org.testng.SuiteRunner.runTest(SuiteRunner.java:368)
	at org.testng.SuiteRunner.runSequentially(SuiteRunner.java:363)
	at org.testng.SuiteRunner.privateRun(SuiteRunner.java:321)
	at org.testng.SuiteRunner.run(SuiteRunner.java:270)
	at org.testng.SuiteRunnerWorker.runSuite(SuiteRunnerWorker.java:52)
	at org.testng.SuiteRunnerWorker.run(SuiteRunnerWorker.java:86)
	at org.testng.TestNG.runSuitesSequentially(TestNG.java:1284)
	at org.testng.TestNG.runSuitesLocally(TestNG.java:1209)
	at org.testng.TestNG.runSuites(TestNG.java:1124)
	at org.testng.TestNG.run(TestNG.java:1096)
	at org.testng.remote.AbstractRemoteTestNG.run(AbstractRemoteTestNG.java:132)
	at org.testng.remote.RemoteTestNG.initAndRun(RemoteTestNG.java:236)
	at org.testng.remote.RemoteTestNG.main(RemoteTestNG.java:81)
]]>
            </full-stacktrace>
          </exception> <!-- java.lang.Throwable -->
          <reporter-output>
          </reporter-output>
        </test-method> <!-- Duplicate -->
      </class> <!-- week4groups.TC005_DuplicateLead -->
    </test> <!-- Test1 -->
  </suite> <!-- Suite -->
</testng-results>
